<?xml version="1.0" encoding="UTF-8"?>
<!-- Generated by org.testng.reporters.JUnitReportReporter -->
<testsuite hostname="Ronz" failures="0" tests="1" name="testsPackage.KindlePurchaseTest" time="5.117" errors="0" timestamp="2022-11-19T00:30:29 EST" skipped="0">
  <testcase classname="testsPackage.KindlePurchaseTest" name="AmazonTest" time="5.117"/>
  <system-out/>
</testsuite> <!-- testsPackage.KindlePurchaseTest -->
