<?xml version="1.0" encoding="UTF-8"?>
<!-- Generated by org.testng.reporters.JUnitReportReporter -->
<testsuite hostname="Ronz" failures="0" tests="1" name="Td_maven.Td_maven.NewTest" time="0.006" errors="0" timestamp="2022-11-18T20:32:51 EST" skipped="0">
  <testcase classname="Td_maven.Td_maven.NewTest" name="f" time="0.006"/>
  <system-out/>
</testsuite> <!-- Td_maven.Td_maven.NewTest -->
